<?xml version="1.0" encoding="UTF-8"?>
<!-- Generated by org.testng.reporters.JUnitReportReporter -->
<testsuite hostname="Nikhil" failures="0" tests="1" name="com.TestRun.TestRunner" time="8.401" errors="0" timestamp="2022-03-27T12:22:21 EDT" skipped="0">
  <testcase classname="com.TestRun.TestRunner" name="feature" time="8.401"/>
  <system-out/>
</testsuite> <!-- com.TestRun.TestRunner -->
