<?xml version="1.0" encoding="UTF-8"?>
<!-- Generated by org.testng.reporters.JUnitReportReporter -->
<testsuite hostname="LAPTOP-OCUSQVB4" failures="0" tests="1" name="com.TestRun.TestRunner" time="8.463" errors="0" timestamp="2022-03-27T23:52:27 EDT" skipped="0">
  <testcase classname="com.TestRun.TestRunner" name="feature" time="8.463"/>
  <system-out/>
</testsuite> <!-- com.TestRun.TestRunner -->
